# JRE version: Java(TM) SE Runtime Environment (8.0_101-b13) (build 1.8.0_101-b13)
# Java VM: Java HotSpot(TM) Client VM (25.101-b13 mixed mode windows-x86 )
Heap:
 def new generation   total 68544K, used 42301K [0x04600000, 0x09060000, 0x19b50000)
  eden space 60928K,  64% used [0x04600000, 0x06c4add8, 0x08180000)
  from space 7616K,  40% used [0x08180000, 0x08484730, 0x088f0000)
  to   space 7616K,   0% used [0x088f0000, 0x088f0000, 0x09060000)
 tenured generation   total 152216K, used 68975K [0x19b50000, 0x22ff6000, 0x44600000)
   the space 152216K,  45% used [0x19b50000, 0x1deabea0, 0x1deac000, 0x22ff6000)
 Metaspace       used 34826K, capacity 35932K, committed 35968K, reserved 36224K
GC Heap History (10 events):
Event: 14858.948 GC heap before
{Heap before GC invocations=373 (full 21):
 def new generation   total 68544K, used 60928K [0x04600000, 0x09060000, 0x19b50000)
  eden space 60928K, 100% used [0x04600000, 0x08180000, 0x08180000)
  from space 7616K,   0% used [0x088f0000, 0x088f0000, 0x09060000)
  to   space 7616K,   0% used [0x08180000, 0x08180000, 0x088f0000)
 tenured generation   total 152216K, used 51954K [0x19b50000, 0x22ff6000, 0x44600000)
   the space 152216K,  34% used [0x19b50000, 0x1ce0cb38, 0x1ce0cc00, 0x22ff6000)
 Metaspace       used 34799K, capacity 35897K, committed 35968K, reserved 36224K
Event: 14858.956 GC heap after
Heap after GC invocations=374 (full 21):
 def new generation   total 68544K, used 1574K [0x04600000, 0x09060000, 0x19b50000)
  eden space 60928K,   0% used [0x04600000, 0x04600000, 0x08180000)
  from space 7616K,  20% used [0x08180000, 0x08309928, 0x088f0000)
  to   space 7616K,   0% used [0x088f0000, 0x088f0000, 0x09060000)
 tenured generation   total 152216K, used 51954K [0x19b50000, 0x22ff6000, 0x44600000)
   the space 152216K,  34% used [0x19b50000, 0x1ce0cb38, 0x1ce0cc00, 0x22ff6000)
 Metaspace       used 34799K, capacity 35897K, committed 35968K, reserved 36224K
}
Event: 14859.466 GC heap before
{Heap before GC invocations=374 (full 21):
 def new generation   total 68544K, used 62502K [0x04600000, 0x09060000, 0x19b50000)
  eden space 60928K, 100% used [0x04600000, 0x08180000, 0x08180000)
  from space 7616K,  20% used [0x08180000, 0x08309928, 0x088f0000)
  to   space 7616K,   0% used [0x088f0000, 0x088f0000, 0x09060000)
 tenured generation   total 152216K, used 51954K [0x19b50000, 0x22ff6000, 0x44600000)
   the space 152216K,  34% used [0x19b50000, 0x1ce0cb38, 0x1ce0cc00, 0x22ff6000)
 Metaspace       used 34807K, capacity 35907K, committed 35968K, reserved 36224K
Event: 14859.478 GC heap after
Heap after GC invocations=375 (full 21):
 def new generation   total 68544K, used 2883K [0x04600000, 0x09060000, 0x19b50000)
  eden space 60928K,   0% used [0x04600000, 0x04600000, 0x08180000)
  from space 7616K,  37% used [0x088f0000, 0x08bc0d68, 0x09060000)
  to   space 7616K,   0% used [0x08180000, 0x08180000, 0x088f0000)
 tenured generation   total 152216K, used 51954K [0x19b50000, 0x22ff6000, 0x44600000)
   the space 152216K,  34% used [0x19b50000, 0x1ce0cb38, 0x1ce0cc00, 0x22ff6000)
 Metaspace       used 34807K, capacity 35907K, committed 35968K, reserved 36224K
}
Event: 14859.796 GC heap before
{Heap before GC invocations=375 (full 21):
 def new generation   total 68544K, used 63811K [0x04600000, 0x09060000, 0x19b50000)
  eden space 60928K, 100% used [0x04600000, 0x08180000, 0x08180000)
  from space 7616K,  37% used [0x088f0000, 0x08bc0d68, 0x09060000)
  to   space 7616K,   0% used [0x08180000, 0x08180000, 0x088f0000)
 tenured generation   total 152216K, used 51954K [0x19b50000, 0x22ff6000, 0x44600000)
   the space 152216K,  34% used [0x19b50000, 0x1ce0cb38, 0x1ce0cc00, 0x22ff6000)
 Metaspace       used 34826K, capacity 35932K, committed 35968K, reserved 36224K
Event: 14859.817 GC heap after
Heap after GC invocations=376 (full 21):
 def new generation   total 68544K, used 4739K [0x04600000, 0x09060000, 0x19b50000)
  eden space 60928K,   0% used [0x04600000, 0x04600000, 0x08180000)
  from space 7616K,  62% used [0x08180000, 0x08620c60, 0x088f0000)
  to   space 7616K,   0% used [0x088f0000, 0x088f0000, 0x09060000)
 tenured generation   total 152216K, used 51954K [0x19b50000, 0x22ff6000, 0x44600000)
   the space 152216K,  34% used [0x19b50000, 0x1ce0cb38, 0x1ce0cc00, 0x22ff6000)
 Metaspace       used 34826K, capacity 35932K, committed 35968K, reserved 36224K
}
Event: 14861.259 GC heap before
{Heap before GC invocations=376 (full 21):
 def new generation   total 68544K, used 65667K [0x04600000, 0x09060000, 0x19b50000)
  eden space 60928K, 100% used [0x04600000, 0x08180000, 0x08180000)
  from space 7616K,  62% used [0x08180000, 0x08620c60, 0x088f0000)
  to   space 7616K,   0% used [0x088f0000, 0x088f0000, 0x09060000)
 tenured generation   total 152216K, used 51954K [0x19b50000, 0x22ff6000, 0x44600000)
   the space 152216K,  34% used [0x19b50000, 0x1ce0cb38, 0x1ce0cc00, 0x22ff6000)
 Metaspace       used 34826K, capacity 35932K, committed 35968K, reserved 36224K
Event: 14861.326 GC heap after
Heap after GC invocations=377 (full 21):
 def new generation   total 68544K, used 7616K [0x04600000, 0x09060000, 0x19b50000)
  eden space 60928K,   0% used [0x04600000, 0x04600000, 0x08180000)
  from space 7616K, 100% used [0x088f0000, 0x09060000, 0x09060000)
  to   space 7616K,   0% used [0x08180000, 0x08180000, 0x088f0000)
 tenured generation   total 152216K, used 65087K [0x19b50000, 0x22ff6000, 0x44600000)
   the space 152216K,  42% used [0x19b50000, 0x1dadfe48, 0x1dae0000, 0x22ff6000)
 Metaspace       used 34826K, capacity 35932K, committed 35968K, reserved 36224K
}
Event: 14861.818 GC heap before
{Heap before GC invocations=377 (full 21):
 def new generation   total 68544K, used 68544K [0x04600000, 0x09060000, 0x19b50000)
  eden space 60928K, 100% used [0x04600000, 0x08180000, 0x08180000)
  from space 7616K, 100% used [0x088f0000, 0x09060000, 0x09060000)
  to   space 7616K,   0% used [0x08180000, 0x08180000, 0x088f0000)
 tenured generation   total 152216K, used 65087K [0x19b50000, 0x22ff6000, 0x44600000)
   the space 152216K,  42% used [0x19b50000, 0x1dadfe48, 0x1dae0000, 0x22ff6000)
 Metaspace       used 34826K, capacity 35932K, committed 35968K, reserved 36224K
Event: 14861.849 GC heap after
Heap after GC invocations=378 (full 21):
 def new generation   total 68544K, used 3089K [0x04600000, 0x09060000, 0x19b50000)
  eden space 60928K,   0% used [0x04600000, 0x04600000, 0x08180000)
  from space 7616K,  40% used [0x08180000, 0x08484730, 0x088f0000)
  to   space 7616K,   0% used [0x088f0000, 0x088f0000, 0x09060000)
 tenured generation   total 152216K, used 68975K [0x19b50000, 0x22ff6000, 0x44600000)
   the space 152216K,  45% used [0x19b50000, 0x1deabea0, 0x1deac000, 0x22ff6000)
 Metaspace       used 34826K, capacity 35932K, committed 35968K, reserved 36224K
}

